<?xml version="1.0" encoding="UTF-8"?>
<!-- Generated by org.testng.reporters.JUnitReportReporter -->
<testsuite hostname="DESKTOP-3CKMDVP" failures="0" tests="1" name="com.test.basics.TutorialsNinja" time="2.627" errors="0" timestamp="2025-03-21T12:20:09 IST" skipped="0">
  <testcase classname="com.test.basics.TutorialsNinja" name="verify" time="2.627"/>
</testsuite> <!-- com.test.basics.TutorialsNinja -->
