<?xml version="1.0" encoding="UTF-8"?>
<!-- Generated by org.testng.reporters.JUnitReportReporter -->
<testsuite hostname="DESKTOP-3CKMDVP" failures="0" tests="1" name="com.test.basics.AssertDemo" time="0.434" errors="0" timestamp="2025-03-21T12:20:09 IST" skipped="0">
  <testcase classname="com.test.basics.AssertDemo" name="verifyTitle" time="0.434"/>
</testsuite> <!-- com.test.basics.AssertDemo -->
