<?xml version="1.0" encoding="UTF-8"?>
<!-- Generated by org.testng.reporters.JUnitReportReporter -->
<testsuite hostname="DESKTOP-3CKMDVP" failures="0" tests="1" name="com.test.basics.AssertString" time="0.018" errors="0" timestamp="2025-03-20T16:15:13 IST" skipped="0">
  <testcase classname="com.test.basics.AssertString" name="testAssertions" time="0.018"/>
</testsuite> <!-- com.test.basics.AssertString -->
