<?xml version="1.0" encoding="UTF-8"?>
<!-- Generated by org.testng.reporters.JUnitReportReporter -->
<testsuite hostname="DESKTOP-3CKMDVP" failures="0" tests="1" name="com.tests.LoginTest" time="4.907" errors="0" timestamp="2025-03-24T15:03:12 IST" skipped="0">
  <testcase classname="com.tests.LoginTest" name="testLogin" time="4.907"/>
</testsuite> <!-- com.tests.LoginTest -->
