<?xml version="1.0" encoding="UTF-8"?>
<!-- Generated by org.testng.reporters.JUnitReportReporter -->
<testsuite hostname="DESKTOP-3CKMDVP" failures="0" tests="1" name="com.test.basics.NewTest" time="0.222" errors="0" timestamp="2025-03-20T13:35:29 IST" skipped="0">
  <testcase classname="com.test.basics.NewTest" name="validation" time="0.222"/>
</testsuite> <!-- com.test.basics.NewTest -->
