<?xml version="1.0" encoding="UTF-8"?>
<!-- Generated by org.testng.reporters.JUnitReportReporter -->
<testsuite hostname="DESKTOP-3CKMDVP" failures="0" tests="5" name="com.test.basics.Priority" time="0.053" errors="0" timestamp="2025-03-21T12:48:23 IST" skipped="1">
  <testcase classname="com.test.basics.Priority" name="C" time="0.017"/>
  <testcase classname="com.test.basics.Priority" name="D" time="0.013"/>
  <testcase classname="com.test.basics.Priority" name="E" time="0.017"/>
  <testcase classname="com.test.basics.Priority" name="B" time="0.006"/>
  <testcase classname="com.test.basics.Priority" name="A">
    <skipped/>
  </testcase> <!-- A -->
</testsuite> <!-- com.test.basics.Priority -->
