<?xml version="1.0" encoding="UTF-8"?>
<!-- Generated by org.testng.reporters.JUnitReportReporter -->
<testsuite hostname="DESKTOP-3CKMDVP" failures="0" tests="2" name="com.test.basics.GroupsDemo" time="0.054" errors="0" timestamp="2025-03-21T14:45:54 IST" skipped="0">
  <testcase classname="com.test.basics.GroupsDemo" name="f1" time="0.026"/>
  <testcase classname="com.test.basics.GroupsDemo" name="f2" time="0.028"/>
</testsuite> <!-- com.test.basics.GroupsDemo -->
