<?xml version="1.0" encoding="UTF-8"?>
<!-- Generated by org.testng.reporters.JUnitReportReporter -->
<testsuite hostname="DESKTOP-3CKMDVP" failures="0" tests="3" name="com.test.basics.AnnotationsDemo" time="0.087" errors="0" timestamp="2025-03-21T12:20:09 IST" skipped="0">
  <testcase classname="com.test.basics.AnnotationsDemo" name="f1" time="0.025"/>
  <testcase classname="com.test.basics.AnnotationsDemo" name="f" time="0.020"/>
  <testcase classname="com.test.basics.AnnotationsDemo" name="f2" time="0.042"/>
</testsuite> <!-- com.test.basics.AnnotationsDemo -->
