<?xml version="1.0" encoding="UTF-8"?>
<!-- Generated by org.testng.reporters.JUnitReportReporter -->
<testsuite hostname="DESKTOP-3CKMDVP" failures="0" tests="3" name="com.test.basics.AnnotationsDemo" time="0.050" errors="0" timestamp="2025-03-20T15:08:50 IST" skipped="0">
  <testcase classname="com.test.basics.AnnotationsDemo" name="f2" time="0.011"/>
  <testcase classname="com.test.basics.AnnotationsDemo" name="f1" time="0.015"/>
  <testcase classname="com.test.basics.AnnotationsDemo" name="f" time="0.024"/>
</testsuite> <!-- com.test.basics.AnnotationsDemo -->
