<?xml version="1.0" encoding="UTF-8"?>
<!-- Generated by org.testng.reporters.JUnitReportReporter -->
<testsuite hostname="DESKTOP-3CKMDVP" failures="0" tests="1" name="com.tests.DashboardTest" time="3.574" errors="0" timestamp="2025-03-24T15:04:00 IST" skipped="0">
  <testcase classname="com.tests.DashboardTest" name="testDashboard" time="3.574"/>
</testsuite> <!-- com.tests.DashboardTest -->
